<?xml version="1.0" encoding="UTF-8"?>
<testng-results ignored="0" total="1" passed="1" failed="0" skipped="0">
  <reporter-output>
  </reporter-output>
  <suite started-at="2022-01-17T19:12:02 BDT" name="Suite" finished-at="2022-01-17T19:12:25 BDT" duration-ms="22453">
    <groups>
    </groups>
    <test started-at="2022-01-17T19:12:02 BDT" name="Test" finished-at="2022-01-17T19:12:25 BDT" duration-ms="22453">
      <class name="Test_Cases.TC001_Registration">
        <test-method is-config="true" signature="SetDriver()[pri:0, instance:Test_Cases.TC001_Registration@20ca951f]" started-at="2022-01-17T19:11:49 BDT" name="SetDriver" finished-at="2022-01-17T19:12:02 BDT" duration-ms="12992" status="PASS">
          <reporter-output>
          </reporter-output>
        </test-method> <!-- SetDriver -->
        <test-method signature="locatorLearning()[pri:0, instance:Test_Cases.TC001_Registration@20ca951f]" started-at="2022-01-17T19:12:02 BDT" name="locatorLearning" finished-at="2022-01-17T19:12:24 BDT" duration-ms="22008" status="PASS">
          <reporter-output>
          </reporter-output>
        </test-method> <!-- locatorLearning -->
        <test-method is-config="true" signature="close()[pri:0, instance:Test_Cases.TC001_Registration@20ca951f]" started-at="2022-01-17T19:12:25 BDT" name="close" finished-at="2022-01-17T19:12:25 BDT" duration-ms="208" status="PASS">
          <reporter-output>
          </reporter-output>
        </test-method> <!-- close -->
      </class> <!-- Test_Cases.TC001_Registration -->
    </test> <!-- Test -->
  </suite> <!-- Suite -->
</testng-results>
