<?xml version="1.0" encoding="UTF-8"?>
<testng-results ignored="0" total="2" passed="2" failed="0" skipped="0">
  <reporter-output>
  </reporter-output>
  <suite started-at="2022-01-17T13:43:01 BDT" name="Suite" finished-at="2022-01-17T13:44:37 BDT" duration-ms="96148">
    <groups>
    </groups>
    <test started-at="2022-01-17T13:43:01 BDT" name="Test" finished-at="2022-01-17T13:44:37 BDT" duration-ms="96148">
      <class name="Test_Cases.TC002_Buy_A_Product">
        <test-method is-config="true" signature="SetDriver()[pri:0, instance:Test_Cases.TC002_Buy_A_Product@73302995]" started-at="2022-01-17T13:42:58 BDT" name="SetDriver" finished-at="2022-01-17T13:43:01 BDT" duration-ms="2922" status="PASS">
          <reporter-output>
          </reporter-output>
        </test-method> <!-- SetDriver -->
        <test-method signature="loginPage()[pri:0, instance:Test_Cases.TC002_Buy_A_Product@73302995]" started-at="2022-01-17T13:43:01 BDT" name="loginPage" finished-at="2022-01-17T13:43:52 BDT" duration-ms="51083" status="PASS">
          <reporter-output>
          </reporter-output>
        </test-method> <!-- loginPage -->
        <test-method signature="newArrival()[pri:0, instance:Test_Cases.TC002_Buy_A_Product@73302995]" started-at="2022-01-17T13:43:52 BDT" name="newArrival" finished-at="2022-01-17T13:44:37 BDT" duration-ms="44926" status="PASS">
          <reporter-output>
          </reporter-output>
        </test-method> <!-- newArrival -->
        <test-method is-config="true" signature="close()[pri:0, instance:Test_Cases.TC002_Buy_A_Product@73302995]" started-at="2022-01-17T13:44:37 BDT" name="close" finished-at="2022-01-17T13:44:41 BDT" duration-ms="4212" status="PASS">
          <reporter-output>
          </reporter-output>
        </test-method> <!-- close -->
      </class> <!-- Test_Cases.TC002_Buy_A_Product -->
    </test> <!-- Test -->
  </suite> <!-- Suite -->
</testng-results>
